<?xml version="1.0" encoding="UTF-8"?>
<!-- Generated by org.testng.reporters.JUnitXMLReporter -->
<testsuite ignored="0" hostname="DESKTOP-4B53UME" failures="1" tests="1" name="Test" time="170.523" errors="0" timestamp="2022-08-08T12:01:39 IST">
  <testcase classname="projectDemo.demo" name="demoProject" time="136.477">
    <failure type="org.openqa.selenium.NoSuchElementException" message="An element could not be located on the page using the given search parameters. (WARNING: The server did not provide any stacktrace information)
Command duration or timeout: 20.93 seconds
For documentation on this error, please visit: http://seleniumhq.org/exceptions/no_such_element.html
Build info: version: &amp;apos;2.53.1&amp;apos;, revision: &amp;apos;a36b8b1cd5757287168e54b817830adce9b0158d&amp;apos;, time: &amp;apos;2016-06-30 19:26:09&amp;apos;
System info: host: &amp;apos;DESKTOP-4B53UME&amp;apos;, ip: &amp;apos;192.168.42.127&amp;apos;, os.name: &amp;apos;Windows 10&amp;apos;, os.arch: &amp;apos;amd64&amp;apos;, os.version: &amp;apos;10.0&amp;apos;, java.version: &amp;apos;16.0.1&amp;apos;
Driver info: io.appium.java_client.android.AndroidDriver
Capabilities [{appPackage=com.justdial.search, statBarHeight=72, noReset=true, viewportRect={top=72, left=0, width=1080, height=1960}, deviceName=9SF3Y18220008060, platform=LINUX, deviceUDID=9SF3Y18220008060, desired={appPackage=com.justdial.search, appActivity=SplashScreenNewActivity, noReset=true, platformVersion=9, platformName=Android, udid=9SF3Y18220008060}, platformVersion=9, webStorageEnabled=false, takesScreenshot=true, javascriptEnabled=true, platformName=Android, udid=9SF3Y18220008060, deviceApiLevel=28, deviceManufacturer=HUAWEI, deviceScreenSize=1080x2160, networkConnectionEnabled=true, warnings={}, databaseEnabled=false, appActivity=SplashScreenNewActivity, pixelRatio=3, locationContextEnabled=false, deviceScreenDensity=480, deviceModel=LLD-AL10}]
Session ID: 54f65513-8c2b-4f62-94c1-d39a0e96d345
*** Element info: {Using=xpath, value=//android.widget.Button[@text=&amp;apos;Reserve&amp;apos;]}">
      <![CDATA[org.openqa.selenium.NoSuchElementException: An element could not be located on the page using the given search parameters. (WARNING: The server did not provide any stacktrace information)
Command duration or timeout: 20.93 seconds
For documentation on this error, please visit: http://seleniumhq.org/exceptions/no_such_element.html
Build info: version: '2.53.1', revision: 'a36b8b1cd5757287168e54b817830adce9b0158d', time: '2016-06-30 19:26:09'
System info: host: 'DESKTOP-4B53UME', ip: '192.168.42.127', os.name: 'Windows 10', os.arch: 'amd64', os.version: '10.0', java.version: '16.0.1'
Driver info: io.appium.java_client.android.AndroidDriver
Capabilities [{appPackage=com.justdial.search, statBarHeight=72, noReset=true, viewportRect={top=72, left=0, width=1080, height=1960}, deviceName=9SF3Y18220008060, platform=LINUX, deviceUDID=9SF3Y18220008060, desired={appPackage=com.justdial.search, appActivity=SplashScreenNewActivity, noReset=true, platformVersion=9, platformName=Android, udid=9SF3Y18220008060}, platformVersion=9, webStorageEnabled=false, takesScreenshot=true, javascriptEnabled=true, platformName=Android, udid=9SF3Y18220008060, deviceApiLevel=28, deviceManufacturer=HUAWEI, deviceScreenSize=1080x2160, networkConnectionEnabled=true, warnings={}, databaseEnabled=false, appActivity=SplashScreenNewActivity, pixelRatio=3, locationContextEnabled=false, deviceScreenDensity=480, deviceModel=LLD-AL10}]
Session ID: 54f65513-8c2b-4f62-94c1-d39a0e96d345
*** Element info: {Using=xpath, value=//android.widget.Button[@text='Reserve']}
at org.openqa.selenium.remote.ErrorHandler.createThrowable(ErrorHandler.java:206)
at org.openqa.selenium.remote.ErrorHandler.throwIfResponseFailed(ErrorHandler.java:158)
at org.openqa.selenium.remote.RemoteWebDriver.execute(RemoteWebDriver.java:678)
at io.appium.java_client.DefaultGenericMobileDriver.execute(DefaultGenericMobileDriver.java:40)
at io.appium.java_client.AppiumDriver.execute(AppiumDriver.java:1)
at io.appium.java_client.android.AndroidDriver.execute(AndroidDriver.java:1)
at org.openqa.selenium.remote.RemoteWebDriver.findElement(RemoteWebDriver.java:363)
at io.appium.java_client.DefaultGenericMobileDriver.findElement(DefaultGenericMobileDriver.java:56)
at io.appium.java_client.AppiumDriver.findElement(AppiumDriver.java:1)
at io.appium.java_client.android.AndroidDriver.findElement(AndroidDriver.java:1)
at org.openqa.selenium.remote.RemoteWebDriver.findElementByXPath(RemoteWebDriver.java:500)
at io.appium.java_client.DefaultGenericMobileDriver.findElementByXPath(DefaultGenericMobileDriver.java:134)
at io.appium.java_client.AppiumDriver.findElementByXPath(AppiumDriver.java:1)
at io.appium.java_client.android.AndroidDriver.findElementByXPath(AndroidDriver.java:1)
at org.openqa.selenium.By$ByXPath.findElement(By.java:361)
at org.openqa.selenium.remote.RemoteWebDriver.findElement(RemoteWebDriver.java:355)
at io.appium.java_client.DefaultGenericMobileDriver.findElement(DefaultGenericMobileDriver.java:52)
at io.appium.java_client.AppiumDriver.findElement(AppiumDriver.java:1)
at io.appium.java_client.android.AndroidDriver.findElement(AndroidDriver.java:1)
at org.openqa.selenium.support.pagefactory.DefaultElementLocator.findElement(DefaultElementLocator.java:69)
at org.openqa.selenium.support.pagefactory.internal.LocatingElementHandler.invoke(LocatingElementHandler.java:38)
at jdk.proxy2/jdk.proxy2.$Proxy12.click(Unknown Source)
at projectDemo.demo.demoProject(demo.java:50)
at java.base/java.util.ArrayList.forEach(ArrayList.java:1511)
... Removed 32 stack frames]]>
    </failure>
  </testcase> <!-- demoProject -->
</testsuite> <!-- Test -->
