<?xml version="1.0" encoding="UTF-8"?>
<testng-results ignored="0" total="1" passed="1" failed="0" skipped="0">
  <reporter-output>
  </reporter-output>
  <suite started-at="2022-08-08T13:17:27 IST" name="Default suite" finished-at="2022-08-08T13:20:06 IST" duration-ms="158985">
    <groups>
    </groups>
    <test started-at="2022-08-08T13:17:27 IST" name="Default test" finished-at="2022-08-08T13:20:06 IST" duration-ms="158985">
      <class name="projectDemo.demo">
        <test-method is-config="true" signature="setConnection()[pri:0, instance:projectDemo.demo@4082ba93]" started-at="2022-08-08T13:17:27 IST" name="setConnection" finished-at="2022-08-08T13:17:27 IST" duration-ms="18" status="PASS">
          <reporter-output>
          </reporter-output>
        </test-method> <!-- setConnection -->
        <test-method is-config="true" signature="loginToApp()[pri:0, instance:projectDemo.demo@4082ba93]" started-at="2022-08-08T13:17:27 IST" name="loginToApp" finished-at="2022-08-08T13:17:58 IST" duration-ms="31208" status="PASS">
          <reporter-output>
          </reporter-output>
        </test-method> <!-- loginToApp -->
        <test-method signature="demoProject()[pri:0, instance:projectDemo.demo@4082ba93]" started-at="2022-08-08T13:17:58 IST" name="demoProject" finished-at="2022-08-08T13:20:05 IST" duration-ms="126617" status="PASS">
          <reporter-output>
          </reporter-output>
        </test-method> <!-- demoProject -->
        <test-method is-config="true" signature="logoutApp()[pri:0, instance:projectDemo.demo@4082ba93]" started-at="2022-08-08T13:20:05 IST" name="logoutApp" finished-at="2022-08-08T13:20:06 IST" duration-ms="1057" status="PASS">
          <reporter-output>
          </reporter-output>
        </test-method> <!-- logoutApp -->
        <test-method is-config="true" signature="closeDB()[pri:0, instance:projectDemo.demo@4082ba93]" started-at="2022-08-08T13:20:06 IST" name="closeDB" finished-at="2022-08-08T13:20:06 IST" duration-ms="1" status="PASS">
          <reporter-output>
          </reporter-output>
        </test-method> <!-- closeDB -->
      </class> <!-- projectDemo.demo -->
    </test> <!-- Default test -->
  </suite> <!-- Default suite -->
</testng-results>
